{"D:\\FullStack\\e-commercebackend\\app.js": {"path":"D:\\FullStack\\e-commercebackend\\app.js","statementMap":{"0":{"start":{"line":2,"column":16},"end":{"line":2,"column":34}},"1":{"start":{"line":4,"column":15},"end":{"line":4,"column":32}},"2":{"start":{"line":5,"column":19},"end":{"line":5,"column":41}},"3":{"start":{"line":6,"column":19},"end":{"line":6,"column":53}},"4":{"start":{"line":7,"column":22},"end":{"line":7,"column":59}},"5":{"start":{"line":8,"column":20},"end":{"line":8,"column":55}},"6":{"start":{"line":9,"column":21},"end":{"line":9,"column":61}},"7":{"start":{"line":10,"column":15},"end":{"line":10,"column":32}},"8":{"start":{"line":11,"column":15},"end":{"line":11,"column":45}},"9":{"start":{"line":13,"column":0},"end":{"line":13,"column":16}},"10":{"start":{"line":15,"column":12},"end":{"line":15,"column":21}},"11":{"start":{"line":16,"column":13},"end":{"line":16,"column":37}},"12":{"start":{"line":20,"column":0},"end":{"line":20,"column":27}},"13":{"start":{"line":27,"column":0},"end":{"line":27,"column":108}},"14":{"start":{"line":31,"column":0},"end":{"line":31,"column":29}},"15":{"start":{"line":32,"column":0},"end":{"line":32,"column":36}},"16":{"start":{"line":33,"column":0},"end":{"line":33,"column":32}},"17":{"start":{"line":37,"column":0},"end":{"line":39,"column":3}},"18":{"start":{"line":38,"column":2},"end":{"line":38,"column":64}},"19":{"start":{"line":42,"column":0},"end":{"line":44,"column":3}},"20":{"start":{"line":43,"column":2},"end":{"line":43,"column":56}},"21":{"start":{"line":47,"column":0},"end":{"line":47,"column":22}},"22":{"start":{"line":63,"column":0},"end":{"line":65,"column":3}},"23":{"start":{"line":64,"column":2},"end":{"line":64,"column":61}}},"fnMap":{"0":{"name":"(anonymous_0)","decl":{"start":{"line":37,"column":13},"end":{"line":37,"column":14}},"loc":{"start":{"line":37,"column":27},"end":{"line":39,"column":1}},"line":37},"1":{"name":"(anonymous_1)","decl":{"start":{"line":42,"column":8},"end":{"line":42,"column":9}},"loc":{"start":{"line":42,"column":22},"end":{"line":44,"column":1}},"line":42},"2":{"name":"(anonymous_2)","decl":{"start":{"line":63,"column":17},"end":{"line":63,"column":18}},"loc":{"start":{"line":63,"column":23},"end":{"line":65,"column":1}},"line":63}},"branchMap":{"0":{"loc":{"start":{"line":16,"column":13},"end":{"line":16,"column":37}},"type":"binary-expr","locations":[{"start":{"line":16,"column":13},"end":{"line":16,"column":29}},{"start":{"line":16,"column":33},"end":{"line":16,"column":37}}],"line":16}},"s":{"0":3,"1":3,"2":3,"3":3,"4":3,"5":3,"6":3,"7":3,"8":3,"9":3,"10":3,"11":3,"12":3,"13":3,"14":3,"15":3,"16":3,"17":3,"18":0,"19":3,"20":0,"21":3,"22":3,"23":0},"f":{"0":0,"1":0,"2":0},"b":{"0":[3,0]},"_coverageSchema":"1a1c01bbd47fc00a2c39e90264f33305004495a9","hash":"bfcb7bb45459a3c774ac559fac268a681429079c"}
,"D:\\FullStack\\e-commercebackend\\src\\config\\db.js": {"path":"D:\\FullStack\\e-commercebackend\\src\\config\\db.js","statementMap":{"0":{"start":{"line":2,"column":14},"end":{"line":2,"column":31}},"1":{"start":{"line":3,"column":15},"end":{"line":3,"column":32}},"2":{"start":{"line":5,"column":0},"end":{"line":7,"column":5}},"3":{"start":{"line":9,"column":19},"end":{"line":17,"column":2}},"4":{"start":{"line":19,"column":0},"end":{"line":26,"column":3}},"5":{"start":{"line":20,"column":4},"end":{"line":25,"column":5}},"6":{"start":{"line":21,"column":8},"end":{"line":21,"column":72}},"7":{"start":{"line":23,"column":8},"end":{"line":23,"column":56}},"8":{"start":{"line":24,"column":8},"end":{"line":24,"column":23}},"9":{"start":{"line":28,"column":0},"end":{"line":28,"column":28}}},"fnMap":{"0":{"name":"(anonymous_0)","decl":{"start":{"line":19,"column":25},"end":{"line":19,"column":26}},"loc":{"start":{"line":19,"column":40},"end":{"line":26,"column":1}},"line":19}},"branchMap":{"0":{"loc":{"start":{"line":6,"column":10},"end":{"line":6,"column":64}},"type":"cond-expr","locations":[{"start":{"line":6,"column":44},"end":{"line":6,"column":55}},{"start":{"line":6,"column":58},"end":{"line":6,"column":64}}],"line":6},"1":{"loc":{"start":{"line":10,"column":10},"end":{"line":10,"column":44}},"type":"binary-expr","locations":[{"start":{"line":10,"column":10},"end":{"line":10,"column":29}},{"start":{"line":10,"column":33},"end":{"line":10,"column":44}}],"line":10},"2":{"loc":{"start":{"line":11,"column":10},"end":{"line":11,"column":39}},"type":"binary-expr","locations":[{"start":{"line":11,"column":10},"end":{"line":11,"column":29}},{"start":{"line":11,"column":33},"end":{"line":11,"column":39}}],"line":11},"3":{"loc":{"start":{"line":12,"column":14},"end":{"line":12,"column":43}},"type":"binary-expr","locations":[{"start":{"line":12,"column":14},"end":{"line":12,"column":37}},{"start":{"line":12,"column":41},"end":{"line":12,"column":43}}],"line":12},"4":{"loc":{"start":{"line":13,"column":14},"end":{"line":13,"column":48}},"type":"binary-expr","locations":[{"start":{"line":13,"column":14},"end":{"line":13,"column":33}},{"start":{"line":13,"column":37},"end":{"line":13,"column":48}}],"line":13},"5":{"loc":{"start":{"line":20,"column":4},"end":{"line":25,"column":5}},"type":"if","locations":[{"start":{"line":20,"column":4},"end":{"line":25,"column":5}},{"start":{"line":22,"column":11},"end":{"line":25,"column":5}}],"line":20}},"s":{"0":3,"1":3,"2":3,"3":3,"4":3,"5":0,"6":0,"7":0,"8":0,"9":3},"f":{"0":0},"b":{"0":[3,0],"1":[3,3],"2":[3,3],"3":[3,3],"4":[3,3],"5":[0,0]},"_coverageSchema":"1a1c01bbd47fc00a2c39e90264f33305004495a9","hash":"8cbe30ed686f20fc0f4edefa0f78e4f8feb8fcfc"}
,"D:\\FullStack\\e-commercebackend\\src\\config\\logger.js": {"path":"D:\\FullStack\\e-commercebackend\\src\\config\\logger.js","statementMap":{"0":{"start":{"line":1,"column":45},"end":{"line":1,"column":63}},"1":{"start":{"line":2,"column":47},"end":{"line":2,"column":53}},"2":{"start":{"line":3,"column":24},"end":{"line":3,"column":60}},"3":{"start":{"line":6,"column":21},"end":{"line":8,"column":2}},"4":{"start":{"line":7,"column":4},"end":{"line":7,"column":58}},"5":{"start":{"line":11,"column":15},"end":{"line":45,"column":2}},"6":{"start":{"line":48,"column":0},"end":{"line":52,"column":2}},"7":{"start":{"line":50,"column":8},"end":{"line":50,"column":36}},"8":{"start":{"line":54,"column":0},"end":{"line":54,"column":24}}},"fnMap":{"0":{"name":"(anonymous_0)","decl":{"start":{"line":6,"column":28},"end":{"line":6,"column":29}},"loc":{"start":{"line":6,"column":70},"end":{"line":8,"column":1}},"line":6},"1":{"name":"(anonymous_1)","decl":{"start":{"line":49,"column":11},"end":{"line":49,"column":12}},"loc":{"start":{"line":49,"column":24},"end":{"line":51,"column":5}},"line":49}},"branchMap":{"0":{"loc":{"start":{"line":7,"column":39},"end":{"line":7,"column":55}},"type":"binary-expr","locations":[{"start":{"line":7,"column":39},"end":{"line":7,"column":44}},{"start":{"line":7,"column":48},"end":{"line":7,"column":55}}],"line":7}},"s":{"0":3,"1":3,"2":3,"3":3,"4":0,"5":3,"6":3,"7":0,"8":3},"f":{"0":0,"1":0},"b":{"0":[0,0]},"_coverageSchema":"1a1c01bbd47fc00a2c39e90264f33305004495a9","hash":"1cdd15593f4ab1b81ab2bbaccccfab878cf40c3c"}
,"D:\\FullStack\\e-commercebackend\\src\\controllers\\authController.js": {"path":"D:\\FullStack\\e-commercebackend\\src\\controllers\\authController.js","statementMap":{"0":{"start":{"line":1,"column":15},"end":{"line":1,"column":32}},"1":{"start":{"line":2,"column":12},"end":{"line":2,"column":35}},"2":{"start":{"line":3,"column":11},"end":{"line":3,"column":34}},"3":{"start":{"line":4,"column":15},"end":{"line":4,"column":32}},"4":{"start":{"line":5,"column":15},"end":{"line":5,"column":42}},"5":{"start":{"line":7,"column":0},"end":{"line":7,"column":16}},"6":{"start":{"line":9,"column":17},"end":{"line":52,"column":1}},"7":{"start":{"line":10,"column":42},"end":{"line":10,"column":50}},"8":{"start":{"line":13,"column":4},"end":{"line":16,"column":5}},"9":{"start":{"line":14,"column":8},"end":{"line":14,"column":94}},"10":{"start":{"line":15,"column":8},"end":{"line":15,"column":98}},"11":{"start":{"line":19,"column":27},"end":{"line":19,"column":63}},"12":{"start":{"line":20,"column":4},"end":{"line":51,"column":7}},"13":{"start":{"line":21,"column":8},"end":{"line":24,"column":9}},"14":{"start":{"line":22,"column":12},"end":{"line":22,"column":65}},"15":{"start":{"line":23,"column":12},"end":{"line":23,"column":70}},"16":{"start":{"line":26,"column":8},"end":{"line":29,"column":9}},"17":{"start":{"line":27,"column":12},"end":{"line":27,"column":85}},"18":{"start":{"line":28,"column":12},"end":{"line":28,"column":93}},"19":{"start":{"line":32,"column":27},"end":{"line":32,"column":29}},"20":{"start":{"line":33,"column":8},"end":{"line":50,"column":9}},"21":{"start":{"line":34,"column":35},"end":{"line":34,"column":74}},"22":{"start":{"line":37,"column":36},"end":{"line":37,"column":99}},"23":{"start":{"line":38,"column":12},"end":{"line":45,"column":15}},"24":{"start":{"line":39,"column":16},"end":{"line":42,"column":17}},"25":{"start":{"line":40,"column":20},"end":{"line":40,"column":64}},"26":{"start":{"line":41,"column":20},"end":{"line":41,"column":78}},"27":{"start":{"line":43,"column":16},"end":{"line":43,"column":86}},"28":{"start":{"line":44,"column":16},"end":{"line":44,"column":90}},"29":{"start":{"line":47,"column":12},"end":{"line":47,"column":64}},"30":{"start":{"line":48,"column":12},"end":{"line":48,"column":94}},"31":{"start":{"line":49,"column":12},"end":{"line":49,"column":70}},"32":{"start":{"line":54,"column":14},"end":{"line":105,"column":1}},"33":{"start":{"line":55,"column":32},"end":{"line":55,"column":40}},"34":{"start":{"line":58,"column":4},"end":{"line":61,"column":5}},"35":{"start":{"line":59,"column":8},"end":{"line":59,"column":87}},"36":{"start":{"line":60,"column":8},"end":{"line":60,"column":87}},"37":{"start":{"line":64,"column":25},"end":{"line":64,"column":61}},"38":{"start":{"line":65,"column":4},"end":{"line":104,"column":7}},"39":{"start":{"line":66,"column":8},"end":{"line":69,"column":9}},"40":{"start":{"line":67,"column":12},"end":{"line":67,"column":55}},"41":{"start":{"line":68,"column":12},"end":{"line":68,"column":70}},"42":{"start":{"line":71,"column":8},"end":{"line":74,"column":9}},"43":{"start":{"line":72,"column":12},"end":{"line":72,"column":75}},"44":{"start":{"line":73,"column":12},"end":{"line":73,"column":83}},"45":{"start":{"line":76,"column":21},"end":{"line":76,"column":31}},"46":{"start":{"line":79,"column":8},"end":{"line":103,"column":9}},"47":{"start":{"line":80,"column":28},"end":{"line":80,"column":73}},"48":{"start":{"line":81,"column":12},"end":{"line":84,"column":13}},"49":{"start":{"line":82,"column":16},"end":{"line":82,"column":76}},"50":{"start":{"line":83,"column":16},"end":{"line":83,"column":87}},"51":{"start":{"line":87,"column":28},"end":{"line":92,"column":13}},"52":{"start":{"line":94,"column":26},"end":{"line":94,"column":110}},"53":{"start":{"line":96,"column":12},"end":{"line":96,"column":69}},"54":{"start":{"line":98,"column":12},"end":{"line":98,"column":51}},"55":{"start":{"line":100,"column":12},"end":{"line":100,"column":70}},"56":{"start":{"line":101,"column":12},"end":{"line":101,"column":87}},"57":{"start":{"line":102,"column":12},"end":{"line":102,"column":70}},"58":{"start":{"line":107,"column":0},"end":{"line":110,"column":2}}},"fnMap":{"0":{"name":"(anonymous_0)","decl":{"start":{"line":9,"column":17},"end":{"line":9,"column":18}},"loc":{"start":{"line":9,"column":31},"end":{"line":52,"column":1}},"line":9},"1":{"name":"(anonymous_1)","decl":{"start":{"line":20,"column":38},"end":{"line":20,"column":39}},"loc":{"start":{"line":20,"column":62},"end":{"line":51,"column":5}},"line":20},"2":{"name":"(anonymous_2)","decl":{"start":{"line":38,"column":73},"end":{"line":38,"column":74}},"loc":{"start":{"line":38,"column":90},"end":{"line":45,"column":13}},"line":38},"3":{"name":"(anonymous_3)","decl":{"start":{"line":54,"column":14},"end":{"line":54,"column":15}},"loc":{"start":{"line":54,"column":28},"end":{"line":105,"column":1}},"line":54},"4":{"name":"(anonymous_4)","decl":{"start":{"line":65,"column":36},"end":{"line":65,"column":37}},"loc":{"start":{"line":65,"column":60},"end":{"line":104,"column":5}},"line":65}},"branchMap":{"0":{"loc":{"start":{"line":13,"column":4},"end":{"line":16,"column":5}},"type":"if","locations":[{"start":{"line":13,"column":4},"end":{"line":16,"column":5}},{"start":{},"end":{}}],"line":13},"1":{"loc":{"start":{"line":13,"column":8},"end":{"line":13,"column":40}},"type":"binary-expr","locations":[{"start":{"line":13,"column":8},"end":{"line":13,"column":17}},{"start":{"line":13,"column":21},"end":{"line":13,"column":27}},{"start":{"line":13,"column":31},"end":{"line":13,"column":40}}],"line":13},"2":{"loc":{"start":{"line":21,"column":8},"end":{"line":24,"column":9}},"type":"if","locations":[{"start":{"line":21,"column":8},"end":{"line":24,"column":9}},{"start":{},"end":{}}],"line":21},"3":{"loc":{"start":{"line":26,"column":8},"end":{"line":29,"column":9}},"type":"if","locations":[{"start":{"line":26,"column":8},"end":{"line":29,"column":9}},{"start":{},"end":{}}],"line":26},"4":{"loc":{"start":{"line":39,"column":16},"end":{"line":42,"column":17}},"type":"if","locations":[{"start":{"line":39,"column":16},"end":{"line":42,"column":17}},{"start":{},"end":{}}],"line":39},"5":{"loc":{"start":{"line":58,"column":4},"end":{"line":61,"column":5}},"type":"if","locations":[{"start":{"line":58,"column":4},"end":{"line":61,"column":5}},{"start":{},"end":{}}],"line":58},"6":{"loc":{"start":{"line":58,"column":8},"end":{"line":58,"column":27}},"type":"binary-expr","locations":[{"start":{"line":58,"column":8},"end":{"line":58,"column":14}},{"start":{"line":58,"column":18},"end":{"line":58,"column":27}}],"line":58},"7":{"loc":{"start":{"line":66,"column":8},"end":{"line":69,"column":9}},"type":"if","locations":[{"start":{"line":66,"column":8},"end":{"line":69,"column":9}},{"start":{},"end":{}}],"line":66},"8":{"loc":{"start":{"line":71,"column":8},"end":{"line":74,"column":9}},"type":"if","locations":[{"start":{"line":71,"column":8},"end":{"line":74,"column":9}},{"start":{},"end":{}}],"line":71},"9":{"loc":{"start":{"line":81,"column":12},"end":{"line":84,"column":13}},"type":"if","locations":[{"start":{"line":81,"column":12},"end":{"line":84,"column":13}},{"start":{},"end":{}}],"line":81}},"s":{"0":3,"1":3,"2":3,"3":3,"4":3,"5":3,"6":3,"7":0,"8":0,"9":0,"10":0,"11":0,"12":0,"13":0,"14":0,"15":0,"16":0,"17":0,"18":0,"19":0,"20":0,"21":0,"22":0,"23":0,"24":0,"25":0,"26":0,"27":0,"28":0,"29":0,"30":0,"31":0,"32":3,"33":0,"34":0,"35":0,"36":0,"37":0,"38":0,"39":0,"40":0,"41":0,"42":0,"43":0,"44":0,"45":0,"46":0,"47":0,"48":0,"49":0,"50":0,"51":0,"52":0,"53":0,"54":0,"55":0,"56":0,"57":0,"58":3},"f":{"0":0,"1":0,"2":0,"3":0,"4":0},"b":{"0":[0,0],"1":[0,0,0],"2":[0,0],"3":[0,0],"4":[0,0],"5":[0,0],"6":[0,0],"7":[0,0],"8":[0,0],"9":[0,0]},"_coverageSchema":"1a1c01bbd47fc00a2c39e90264f33305004495a9","hash":"7af47fad7c5e80e9360a4ff49e8d3b45e3322a53"}
,"D:\\FullStack\\e-commercebackend\\src\\controllers\\orderController.js": {"path":"D:\\FullStack\\e-commercebackend\\src\\controllers\\orderController.js","statementMap":{"0":{"start":{"line":1,"column":11},"end":{"line":1,"column":34}},"1":{"start":{"line":2,"column":15},"end":{"line":2,"column":42}},"2":{"start":{"line":5,"column":14},"end":{"line":12,"column":1}},"3":{"start":{"line":6,"column":4},"end":{"line":11,"column":7}},"4":{"start":{"line":7,"column":8},"end":{"line":10,"column":11}},"5":{"start":{"line":8,"column":12},"end":{"line":9,"column":34}},"6":{"start":{"line":8,"column":21},"end":{"line":8,"column":33}},"7":{"start":{"line":9,"column":17},"end":{"line":9,"column":34}},"8":{"start":{"line":15,"column":19},"end":{"line":90,"column":1}},"9":{"start":{"line":16,"column":19},"end":{"line":16,"column":30}},"10":{"start":{"line":17,"column":25},"end":{"line":17,"column":33}},"11":{"start":{"line":19,"column":4},"end":{"line":21,"column":5}},"12":{"start":{"line":20,"column":8},"end":{"line":20,"column":88}},"13":{"start":{"line":23,"column":4},"end":{"line":89,"column":5}},"14":{"start":{"line":25,"column":8},"end":{"line":25,"column":41}},"15":{"start":{"line":27,"column":25},"end":{"line":27,"column":26}},"16":{"start":{"line":28,"column":31},"end":{"line":28,"column":33}},"17":{"start":{"line":31,"column":8},"end":{"line":61,"column":9}},"18":{"start":{"line":32,"column":45},"end":{"line":32,"column":49}},"19":{"start":{"line":35,"column":34},"end":{"line":35,"column":98}},"20":{"start":{"line":37,"column":12},"end":{"line":41,"column":13}},"21":{"start":{"line":38,"column":16},"end":{"line":38,"column":40}},"22":{"start":{"line":39,"column":16},"end":{"line":39,"column":112}},"23":{"start":{"line":40,"column":16},"end":{"line":40,"column":101}},"24":{"start":{"line":43,"column":28},"end":{"line":43,"column":44}},"25":{"start":{"line":45,"column":12},"end":{"line":49,"column":13}},"26":{"start":{"line":46,"column":16},"end":{"line":46,"column":40}},"27":{"start":{"line":47,"column":16},"end":{"line":47,"column":124}},"28":{"start":{"line":48,"column":16},"end":{"line":48,"column":162}},"29":{"start":{"line":52,"column":30},"end":{"line":52,"column":66}},"30":{"start":{"line":53,"column":12},"end":{"line":53,"column":36}},"31":{"start":{"line":56,"column":12},"end":{"line":60,"column":15}},"32":{"start":{"line":64,"column":34},"end":{"line":64,"column":126}},"33":{"start":{"line":65,"column":24},"end":{"line":65,"column":50}},"34":{"start":{"line":68,"column":8},"end":{"line":76,"column":9}},"35":{"start":{"line":69,"column":52},"end":{"line":69,"column":56}},"36":{"start":{"line":72,"column":12},"end":{"line":72,"column":151}},"37":{"start":{"line":75,"column":12},"end":{"line":75,"column":102}},"38":{"start":{"line":79,"column":8},"end":{"line":79,"column":30}},"39":{"start":{"line":81,"column":8},"end":{"line":81,"column":110}},"40":{"start":{"line":82,"column":8},"end":{"line":82,"column":91}},"41":{"start":{"line":85,"column":8},"end":{"line":85,"column":32}},"42":{"start":{"line":86,"column":8},"end":{"line":86,"column":53}},"43":{"start":{"line":87,"column":8},"end":{"line":87,"column":82}},"44":{"start":{"line":88,"column":8},"end":{"line":88,"column":83}},"45":{"start":{"line":93,"column":22},"end":{"line":104,"column":1}},"46":{"start":{"line":94,"column":19},"end":{"line":94,"column":30}},"47":{"start":{"line":96,"column":4},"end":{"line":103,"column":5}},"48":{"start":{"line":97,"column":23},"end":{"line":97,"column":86}},"49":{"start":{"line":99,"column":8},"end":{"line":99,"column":37}},"50":{"start":{"line":101,"column":8},"end":{"line":101,"column":60}},"51":{"start":{"line":102,"column":8},"end":{"line":102,"column":81}},"52":{"start":{"line":107,"column":21},"end":{"line":134,"column":1}},"53":{"start":{"line":108,"column":19},"end":{"line":108,"column":30}},"54":{"start":{"line":109,"column":20},"end":{"line":109,"column":33}},"55":{"start":{"line":111,"column":4},"end":{"line":133,"column":5}},"56":{"start":{"line":113,"column":28},"end":{"line":113,"column":93}},"57":{"start":{"line":115,"column":8},"end":{"line":117,"column":9}},"58":{"start":{"line":116,"column":12},"end":{"line":116,"column":73}},"59":{"start":{"line":119,"column":22},"end":{"line":119,"column":36}},"60":{"start":{"line":122,"column":8},"end":{"line":124,"column":9}},"61":{"start":{"line":123,"column":12},"end":{"line":123,"column":98}},"62":{"start":{"line":127,"column":22},"end":{"line":127,"column":176}},"63":{"start":{"line":129,"column":8},"end":{"line":129,"column":50}},"64":{"start":{"line":131,"column":8},"end":{"line":131,"column":62}},"65":{"start":{"line":132,"column":8},"end":{"line":132,"column":88}},"66":{"start":{"line":136,"column":0},"end":{"line":140,"column":2}}},"fnMap":{"0":{"name":"(anonymous_0)","decl":{"start":{"line":5,"column":14},"end":{"line":5,"column":15}},"loc":{"start":{"line":5,"column":31},"end":{"line":12,"column":1}},"line":5},"1":{"name":"(anonymous_1)","decl":{"start":{"line":6,"column":23},"end":{"line":6,"column":24}},"loc":{"start":{"line":6,"column":44},"end":{"line":11,"column":5}},"line":6},"2":{"name":"(anonymous_2)","decl":{"start":{"line":7,"column":30},"end":{"line":7,"column":31}},"loc":{"start":{"line":7,"column":48},"end":{"line":10,"column":9}},"line":7},"3":{"name":"(anonymous_3)","decl":{"start":{"line":15,"column":19},"end":{"line":15,"column":20}},"loc":{"start":{"line":15,"column":39},"end":{"line":90,"column":1}},"line":15},"4":{"name":"(anonymous_4)","decl":{"start":{"line":93,"column":22},"end":{"line":93,"column":23}},"loc":{"start":{"line":93,"column":42},"end":{"line":104,"column":1}},"line":93},"5":{"name":"(anonymous_5)","decl":{"start":{"line":107,"column":21},"end":{"line":107,"column":22}},"loc":{"start":{"line":107,"column":41},"end":{"line":134,"column":1}},"line":107}},"branchMap":{"0":{"loc":{"start":{"line":8,"column":12},"end":{"line":9,"column":34}},"type":"if","locations":[{"start":{"line":8,"column":12},"end":{"line":9,"column":34}},{"start":{"line":9,"column":17},"end":{"line":9,"column":34}}],"line":8},"1":{"loc":{"start":{"line":19,"column":4},"end":{"line":21,"column":5}},"type":"if","locations":[{"start":{"line":19,"column":4},"end":{"line":21,"column":5}},{"start":{},"end":{}}],"line":19},"2":{"loc":{"start":{"line":19,"column":8},"end":{"line":19,"column":70}},"type":"binary-expr","locations":[{"start":{"line":19,"column":8},"end":{"line":19,"column":17}},{"start":{"line":19,"column":21},"end":{"line":19,"column":45}},{"start":{"line":19,"column":49},"end":{"line":19,"column":70}}],"line":19},"3":{"loc":{"start":{"line":37,"column":12},"end":{"line":41,"column":13}},"type":"if","locations":[{"start":{"line":37,"column":12},"end":{"line":41,"column":13}},{"start":{},"end":{}}],"line":37},"4":{"loc":{"start":{"line":45,"column":12},"end":{"line":49,"column":13}},"type":"if","locations":[{"start":{"line":45,"column":12},"end":{"line":49,"column":13}},{"start":{},"end":{}}],"line":45},"5":{"loc":{"start":{"line":115,"column":8},"end":{"line":117,"column":9}},"type":"if","locations":[{"start":{"line":115,"column":8},"end":{"line":117,"column":9}},{"start":{},"end":{}}],"line":115},"6":{"loc":{"start":{"line":122,"column":8},"end":{"line":124,"column":9}},"type":"if","locations":[{"start":{"line":122,"column":8},"end":{"line":124,"column":9}},{"start":{},"end":{}}],"line":122}},"s":{"0":3,"1":3,"2":3,"3":0,"4":0,"5":0,"6":0,"7":0,"8":3,"9":0,"10":0,"11":0,"12":0,"13":0,"14":0,"15":0,"16":0,"17":0,"18":0,"19":0,"20":0,"21":0,"22":0,"23":0,"24":0,"25":0,"26":0,"27":0,"28":0,"29":0,"30":0,"31":0,"32":0,"33":0,"34":0,"35":0,"36":0,"37":0,"38":0,"39":0,"40":0,"41":0,"42":0,"43":0,"44":0,"45":3,"46":0,"47":0,"48":0,"49":0,"50":0,"51":0,"52":3,"53":0,"54":0,"55":0,"56":0,"57":0,"58":0,"59":0,"60":0,"61":0,"62":0,"63":0,"64":0,"65":0,"66":3},"f":{"0":0,"1":0,"2":0,"3":0,"4":0,"5":0},"b":{"0":[0,0],"1":[0,0],"2":[0,0,0],"3":[0,0],"4":[0,0],"5":[0,0],"6":[0,0]},"_coverageSchema":"1a1c01bbd47fc00a2c39e90264f33305004495a9","hash":"b31588b4b17d16e0590a540395beec0ea2c2ff91"}
,"D:\\FullStack\\e-commercebackend\\src\\controllers\\productController.js": {"path":"D:\\FullStack\\e-commercebackend\\src\\controllers\\productController.js","statementMap":{"0":{"start":{"line":1,"column":11},"end":{"line":1,"column":34}},"1":{"start":{"line":3,"column":15},"end":{"line":3,"column":42}},"2":{"start":{"line":4,"column":29},"end":{"line":4,"column":57}},"3":{"start":{"line":9,"column":14},"end":{"line":16,"column":1}},"4":{"start":{"line":10,"column":4},"end":{"line":15,"column":7}},"5":{"start":{"line":11,"column":8},"end":{"line":14,"column":11}},"6":{"start":{"line":12,"column":12},"end":{"line":13,"column":34}},"7":{"start":{"line":12,"column":21},"end":{"line":12,"column":33}},"8":{"start":{"line":13,"column":17},"end":{"line":13,"column":34}},"9":{"start":{"line":20,"column":22},"end":{"line":48,"column":1}},"10":{"start":{"line":21,"column":58},"end":{"line":21,"column":66}},"11":{"start":{"line":23,"column":4},"end":{"line":47,"column":5}},"12":{"start":{"line":24,"column":20},"end":{"line":24,"column":109}},"13":{"start":{"line":25,"column":23},"end":{"line":25,"column":66}},"14":{"start":{"line":26,"column":23},"end":{"line":26,"column":47}},"15":{"start":{"line":28,"column":27},"end":{"line":37,"column":9}},"16":{"start":{"line":41,"column":8},"end":{"line":41,"column":100}},"17":{"start":{"line":42,"column":8},"end":{"line":42,"column":96}},"18":{"start":{"line":44,"column":8},"end":{"line":44,"column":56}},"19":{"start":{"line":45,"column":8},"end":{"line":45,"column":71}},"20":{"start":{"line":46,"column":8},"end":{"line":46,"column":59}},"21":{"start":{"line":53,"column":23},"end":{"line":63,"column":1}},"22":{"start":{"line":54,"column":4},"end":{"line":62,"column":5}},"23":{"start":{"line":55,"column":20},"end":{"line":55,"column":44}},"24":{"start":{"line":56,"column":25},"end":{"line":56,"column":41}},"25":{"start":{"line":58,"column":8},"end":{"line":58,"column":39}},"26":{"start":{"line":60,"column":8},"end":{"line":60,"column":57}},"27":{"start":{"line":61,"column":8},"end":{"line":61,"column":59}},"28":{"start":{"line":68,"column":23},"end":{"line":84,"column":1}},"29":{"start":{"line":69,"column":22},"end":{"line":69,"column":35}},"30":{"start":{"line":71,"column":4},"end":{"line":83,"column":5}},"31":{"start":{"line":72,"column":20},"end":{"line":72,"column":57}},"32":{"start":{"line":73,"column":25},"end":{"line":73,"column":54}},"33":{"start":{"line":75,"column":8},"end":{"line":77,"column":9}},"34":{"start":{"line":76,"column":12},"end":{"line":76,"column":75}},"35":{"start":{"line":79,"column":8},"end":{"line":79,"column":42}},"36":{"start":{"line":81,"column":8},"end":{"line":81,"column":56}},"37":{"start":{"line":82,"column":8},"end":{"line":82,"column":59}},"38":{"start":{"line":91,"column":22},"end":{"line":151,"column":1}},"39":{"start":{"line":92,"column":22},"end":{"line":92,"column":35}},"40":{"start":{"line":93,"column":58},"end":{"line":93,"column":66}},"41":{"start":{"line":95,"column":4},"end":{"line":150,"column":5}},"42":{"start":{"line":97,"column":25},"end":{"line":97,"column":62}},"43":{"start":{"line":98,"column":25},"end":{"line":98,"column":59}},"44":{"start":{"line":100,"column":8},"end":{"line":103,"column":9}},"45":{"start":{"line":101,"column":12},"end":{"line":101,"column":93}},"46":{"start":{"line":102,"column":12},"end":{"line":102,"column":75}},"47":{"start":{"line":106,"column":29},"end":{"line":106,"column":31}},"48":{"start":{"line":107,"column":23},"end":{"line":107,"column":25}},"49":{"start":{"line":109,"column":8},"end":{"line":112,"column":9}},"50":{"start":{"line":110,"column":12},"end":{"line":110,"column":42}},"51":{"start":{"line":111,"column":12},"end":{"line":111,"column":30}},"52":{"start":{"line":113,"column":8},"end":{"line":116,"column":9}},"53":{"start":{"line":114,"column":12},"end":{"line":114,"column":49}},"54":{"start":{"line":115,"column":12},"end":{"line":115,"column":37}},"55":{"start":{"line":117,"column":8},"end":{"line":120,"column":9}},"56":{"start":{"line":118,"column":12},"end":{"line":118,"column":43}},"57":{"start":{"line":119,"column":12},"end":{"line":119,"column":31}},"58":{"start":{"line":121,"column":8},"end":{"line":124,"column":9}},"59":{"start":{"line":122,"column":12},"end":{"line":122,"column":43}},"60":{"start":{"line":123,"column":12},"end":{"line":123,"column":31}},"61":{"start":{"line":125,"column":8},"end":{"line":128,"column":9}},"62":{"start":{"line":126,"column":12},"end":{"line":126,"column":46}},"63":{"start":{"line":127,"column":12},"end":{"line":127,"column":34}},"64":{"start":{"line":130,"column":8},"end":{"line":133,"column":9}},"65":{"start":{"line":131,"column":12},"end":{"line":131,"column":86}},"66":{"start":{"line":132,"column":12},"end":{"line":132,"column":86}},"67":{"start":{"line":135,"column":20},"end":{"line":135,"column":81}},"68":{"start":{"line":136,"column":8},"end":{"line":136,"column":31}},"69":{"start":{"line":137,"column":8},"end":{"line":137,"column":33}},"70":{"start":{"line":142,"column":8},"end":{"line":142,"column":83}},"71":{"start":{"line":144,"column":8},"end":{"line":144,"column":75}},"72":{"start":{"line":146,"column":8},"end":{"line":146,"column":56}},"73":{"start":{"line":147,"column":8},"end":{"line":147,"column":79}},"74":{"start":{"line":149,"column":8},"end":{"line":149,"column":59}},"75":{"start":{"line":160,"column":22},"end":{"line":188,"column":1}},"76":{"start":{"line":161,"column":22},"end":{"line":161,"column":35}},"77":{"start":{"line":163,"column":4},"end":{"line":187,"column":5}},"78":{"start":{"line":165,"column":25},"end":{"line":165,"column":62}},"79":{"start":{"line":166,"column":25},"end":{"line":166,"column":59}},"80":{"start":{"line":168,"column":8},"end":{"line":171,"column":9}},"81":{"start":{"line":169,"column":12},"end":{"line":169,"column":95}},"82":{"start":{"line":170,"column":12},"end":{"line":170,"column":75}},"83":{"start":{"line":174,"column":26},"end":{"line":174,"column":61}},"84":{"start":{"line":175,"column":8},"end":{"line":175,"column":44}},"85":{"start":{"line":180,"column":8},"end":{"line":180,"column":83}},"86":{"start":{"line":182,"column":8},"end":{"line":182,"column":75}},"87":{"start":{"line":184,"column":8},"end":{"line":184,"column":56}},"88":{"start":{"line":185,"column":8},"end":{"line":185,"column":79}},"89":{"start":{"line":186,"column":8},"end":{"line":186,"column":59}},"90":{"start":{"line":191,"column":0},"end":{"line":197,"column":2}}},"fnMap":{"0":{"name":"(anonymous_0)","decl":{"start":{"line":9,"column":14},"end":{"line":9,"column":15}},"loc":{"start":{"line":9,"column":31},"end":{"line":16,"column":1}},"line":9},"1":{"name":"(anonymous_1)","decl":{"start":{"line":10,"column":23},"end":{"line":10,"column":24}},"loc":{"start":{"line":10,"column":44},"end":{"line":15,"column":5}},"line":10},"2":{"name":"(anonymous_2)","decl":{"start":{"line":11,"column":30},"end":{"line":11,"column":31}},"loc":{"start":{"line":11,"column":48},"end":{"line":14,"column":9}},"line":11},"3":{"name":"(anonymous_3)","decl":{"start":{"line":20,"column":22},"end":{"line":20,"column":23}},"loc":{"start":{"line":20,"column":42},"end":{"line":48,"column":1}},"line":20},"4":{"name":"(anonymous_4)","decl":{"start":{"line":53,"column":23},"end":{"line":53,"column":24}},"loc":{"start":{"line":53,"column":43},"end":{"line":63,"column":1}},"line":53},"5":{"name":"(anonymous_5)","decl":{"start":{"line":68,"column":23},"end":{"line":68,"column":24}},"loc":{"start":{"line":68,"column":43},"end":{"line":84,"column":1}},"line":68},"6":{"name":"(anonymous_6)","decl":{"start":{"line":91,"column":22},"end":{"line":91,"column":23}},"loc":{"start":{"line":91,"column":42},"end":{"line":151,"column":1}},"line":91},"7":{"name":"(anonymous_7)","decl":{"start":{"line":160,"column":22},"end":{"line":160,"column":23}},"loc":{"start":{"line":160,"column":42},"end":{"line":188,"column":1}},"line":160}},"branchMap":{"0":{"loc":{"start":{"line":12,"column":12},"end":{"line":13,"column":34}},"type":"if","locations":[{"start":{"line":12,"column":12},"end":{"line":13,"column":34}},{"start":{"line":13,"column":17},"end":{"line":13,"column":34}}],"line":12},"1":{"loc":{"start":{"line":75,"column":8},"end":{"line":77,"column":9}},"type":"if","locations":[{"start":{"line":75,"column":8},"end":{"line":77,"column":9}},{"start":{},"end":{}}],"line":75},"2":{"loc":{"start":{"line":100,"column":8},"end":{"line":103,"column":9}},"type":"if","locations":[{"start":{"line":100,"column":8},"end":{"line":103,"column":9}},{"start":{},"end":{}}],"line":100},"3":{"loc":{"start":{"line":109,"column":8},"end":{"line":112,"column":9}},"type":"if","locations":[{"start":{"line":109,"column":8},"end":{"line":112,"column":9}},{"start":{},"end":{}}],"line":109},"4":{"loc":{"start":{"line":113,"column":8},"end":{"line":116,"column":9}},"type":"if","locations":[{"start":{"line":113,"column":8},"end":{"line":116,"column":9}},{"start":{},"end":{}}],"line":113},"5":{"loc":{"start":{"line":117,"column":8},"end":{"line":120,"column":9}},"type":"if","locations":[{"start":{"line":117,"column":8},"end":{"line":120,"column":9}},{"start":{},"end":{}}],"line":117},"6":{"loc":{"start":{"line":121,"column":8},"end":{"line":124,"column":9}},"type":"if","locations":[{"start":{"line":121,"column":8},"end":{"line":124,"column":9}},{"start":{},"end":{}}],"line":121},"7":{"loc":{"start":{"line":125,"column":8},"end":{"line":128,"column":9}},"type":"if","locations":[{"start":{"line":125,"column":8},"end":{"line":128,"column":9}},{"start":{},"end":{}}],"line":125},"8":{"loc":{"start":{"line":130,"column":8},"end":{"line":133,"column":9}},"type":"if","locations":[{"start":{"line":130,"column":8},"end":{"line":133,"column":9}},{"start":{},"end":{}}],"line":130},"9":{"loc":{"start":{"line":168,"column":8},"end":{"line":171,"column":9}},"type":"if","locations":[{"start":{"line":168,"column":8},"end":{"line":171,"column":9}},{"start":{},"end":{}}],"line":168}},"s":{"0":3,"1":3,"2":3,"3":3,"4":0,"5":0,"6":0,"7":0,"8":0,"9":3,"10":0,"11":0,"12":0,"13":0,"14":0,"15":0,"16":0,"17":0,"18":0,"19":0,"20":0,"21":3,"22":0,"23":0,"24":0,"25":0,"26":0,"27":0,"28":3,"29":0,"30":0,"31":0,"32":0,"33":0,"34":0,"35":0,"36":0,"37":0,"38":3,"39":0,"40":0,"41":0,"42":0,"43":0,"44":0,"45":0,"46":0,"47":0,"48":0,"49":0,"50":0,"51":0,"52":0,"53":0,"54":0,"55":0,"56":0,"57":0,"58":0,"59":0,"60":0,"61":0,"62":0,"63":0,"64":0,"65":0,"66":0,"67":0,"68":0,"69":0,"70":0,"71":0,"72":0,"73":0,"74":0,"75":3,"76":0,"77":0,"78":0,"79":0,"80":0,"81":0,"82":0,"83":0,"84":0,"85":0,"86":0,"87":0,"88":0,"89":0,"90":3},"f":{"0":0,"1":0,"2":0,"3":0,"4":0,"5":0,"6":0,"7":0},"b":{"0":[0,0],"1":[0,0],"2":[0,0],"3":[0,0],"4":[0,0],"5":[0,0],"6":[0,0],"7":[0,0],"8":[0,0],"9":[0,0]},"_coverageSchema":"1a1c01bbd47fc00a2c39e90264f33305004495a9","hash":"2937f6ed4176bfe0df1cf61b6c0318f1d2d45294"}
,"D:\\FullStack\\e-commercebackend\\src\\middleware\\authMiddleware.js": {"path":"D:\\FullStack\\e-commercebackend\\src\\middleware\\authMiddleware.js","statementMap":{"0":{"start":{"line":1,"column":12},"end":{"line":1,"column":35}},"1":{"start":{"line":2,"column":15},"end":{"line":2,"column":32}},"2":{"start":{"line":4,"column":0},"end":{"line":4,"column":16}},"3":{"start":{"line":6,"column":24},"end":{"line":24,"column":1}},"4":{"start":{"line":7,"column":23},"end":{"line":7,"column":48}},"5":{"start":{"line":9,"column":4},"end":{"line":23,"column":5}},"6":{"start":{"line":10,"column":22},"end":{"line":10,"column":46}},"7":{"start":{"line":12,"column":8},"end":{"line":20,"column":11}},"8":{"start":{"line":13,"column":12},"end":{"line":16,"column":13}},"9":{"start":{"line":14,"column":16},"end":{"line":14,"column":63}},"10":{"start":{"line":15,"column":16},"end":{"line":15,"column":86}},"11":{"start":{"line":18,"column":12},"end":{"line":18,"column":28}},"12":{"start":{"line":19,"column":12},"end":{"line":19,"column":19}},"13":{"start":{"line":22,"column":8},"end":{"line":22,"column":86}},"14":{"start":{"line":26,"column":0},"end":{"line":26,"column":33}}},"fnMap":{"0":{"name":"(anonymous_0)","decl":{"start":{"line":6,"column":24},"end":{"line":6,"column":25}},"loc":{"start":{"line":6,"column":44},"end":{"line":24,"column":1}},"line":6},"1":{"name":"(anonymous_1)","decl":{"start":{"line":12,"column":50},"end":{"line":12,"column":51}},"loc":{"start":{"line":12,"column":65},"end":{"line":20,"column":9}},"line":12}},"branchMap":{"0":{"loc":{"start":{"line":9,"column":4},"end":{"line":23,"column":5}},"type":"if","locations":[{"start":{"line":9,"column":4},"end":{"line":23,"column":5}},{"start":{"line":21,"column":11},"end":{"line":23,"column":5}}],"line":9},"1":{"loc":{"start":{"line":9,"column":8},"end":{"line":9,"column":54}},"type":"binary-expr","locations":[{"start":{"line":9,"column":8},"end":{"line":9,"column":18}},{"start":{"line":9,"column":22},"end":{"line":9,"column":54}}],"line":9},"2":{"loc":{"start":{"line":13,"column":12},"end":{"line":16,"column":13}},"type":"if","locations":[{"start":{"line":13,"column":12},"end":{"line":16,"column":13}},{"start":{},"end":{}}],"line":13}},"s":{"0":3,"1":3,"2":3,"3":3,"4":0,"5":0,"6":0,"7":0,"8":0,"9":0,"10":0,"11":0,"12":0,"13":0,"14":3},"f":{"0":0,"1":0},"b":{"0":[0,0],"1":[0,0],"2":[0,0]},"_coverageSchema":"1a1c01bbd47fc00a2c39e90264f33305004495a9","hash":"8c102cce43bae2d5ae67d6336e5e465690358486"}
,"D:\\FullStack\\e-commercebackend\\src\\middleware\\errorHandler.js": {"path":"D:\\FullStack\\e-commercebackend\\src\\middleware\\errorHandler.js","statementMap":{"0":{"start":{"line":1,"column":15},"end":{"line":1,"column":42}},"1":{"start":{"line":3,"column":21},"end":{"line":7,"column":1}},"2":{"start":{"line":4,"column":4},"end":{"line":4,"column":29}},"3":{"start":{"line":5,"column":4},"end":{"line":5,"column":50}},"4":{"start":{"line":6,"column":4},"end":{"line":6,"column":63}},"5":{"start":{"line":9,"column":0},"end":{"line":9,"column":30}}},"fnMap":{"0":{"name":"(anonymous_0)","decl":{"start":{"line":3,"column":21},"end":{"line":3,"column":22}},"loc":{"start":{"line":3,"column":46},"end":{"line":7,"column":1}},"line":3}},"branchMap":{},"s":{"0":3,"1":3,"2":0,"3":0,"4":0,"5":3},"f":{"0":0},"b":{},"_coverageSchema":"1a1c01bbd47fc00a2c39e90264f33305004495a9","hash":"cec4401dd8c24bd6631a0c94546c206b2889421c"}
,"D:\\FullStack\\e-commercebackend\\src\\middleware\\roleMiddleware.js": {"path":"D:\\FullStack\\e-commercebackend\\src\\middleware\\roleMiddleware.js","statementMap":{"0":{"start":{"line":1,"column":23},"end":{"line":13,"column":1}},"1":{"start":{"line":2,"column":4},"end":{"line":12,"column":6}},"2":{"start":{"line":3,"column":8},"end":{"line":5,"column":9}},"3":{"start":{"line":4,"column":12},"end":{"line":4,"column":80}},"4":{"start":{"line":7,"column":8},"end":{"line":9,"column":9}},"5":{"start":{"line":8,"column":12},"end":{"line":8,"column":97}},"6":{"start":{"line":11,"column":8},"end":{"line":11,"column":15}},"7":{"start":{"line":15,"column":0},"end":{"line":15,"column":32}}},"fnMap":{"0":{"name":"(anonymous_0)","decl":{"start":{"line":1,"column":23},"end":{"line":1,"column":24}},"loc":{"start":{"line":1,"column":44},"end":{"line":13,"column":1}},"line":1},"1":{"name":"(anonymous_1)","decl":{"start":{"line":2,"column":11},"end":{"line":2,"column":12}},"loc":{"start":{"line":2,"column":31},"end":{"line":12,"column":5}},"line":2}},"branchMap":{"0":{"loc":{"start":{"line":3,"column":8},"end":{"line":5,"column":9}},"type":"if","locations":[{"start":{"line":3,"column":8},"end":{"line":5,"column":9}},{"start":{},"end":{}}],"line":3},"1":{"loc":{"start":{"line":7,"column":8},"end":{"line":9,"column":9}},"type":"if","locations":[{"start":{"line":7,"column":8},"end":{"line":9,"column":9}},{"start":{},"end":{}}],"line":7}},"s":{"0":3,"1":9,"2":0,"3":0,"4":0,"5":0,"6":0,"7":3},"f":{"0":9,"1":0},"b":{"0":[0,0],"1":[0,0]},"_coverageSchema":"1a1c01bbd47fc00a2c39e90264f33305004495a9","hash":"db025e3f6c0a5befb4e079904c67659c85461da0"}
,"D:\\FullStack\\e-commercebackend\\src\\routes\\authRoutes.js": {"path":"D:\\FullStack\\e-commercebackend\\src\\routes\\authRoutes.js","statementMap":{"0":{"start":{"line":11,"column":16},"end":{"line":11,"column":34}},"1":{"start":{"line":12,"column":15},"end":{"line":12,"column":31}},"2":{"start":{"line":13,"column":23},"end":{"line":13,"column":63}},"3":{"start":{"line":16,"column":0},"end":{"line":16,"column":50}},"4":{"start":{"line":19,"column":0},"end":{"line":19,"column":44}},"5":{"start":{"line":21,"column":0},"end":{"line":21,"column":24}}},"fnMap":{},"branchMap":{},"s":{"0":3,"1":3,"2":3,"3":3,"4":3,"5":3},"f":{},"b":{},"_coverageSchema":"1a1c01bbd47fc00a2c39e90264f33305004495a9","hash":"a053a3514e8af85c93524aaaf6c5752ee4cf1481"}
,"D:\\FullStack\\e-commercebackend\\src\\routes\\orderRoutes.js": {"path":"D:\\FullStack\\e-commercebackend\\src\\routes\\orderRoutes.js","statementMap":{"0":{"start":{"line":2,"column":16},"end":{"line":2,"column":34}},"1":{"start":{"line":3,"column":15},"end":{"line":3,"column":31}},"2":{"start":{"line":4,"column":24},"end":{"line":4,"column":65}},"3":{"start":{"line":5,"column":24},"end":{"line":5,"column":63}},"4":{"start":{"line":6,"column":26},"end":{"line":6,"column":65}},"5":{"start":{"line":9,"column":0},"end":{"line":9,"column":77}},"6":{"start":{"line":10,"column":0},"end":{"line":10,"column":64}},"7":{"start":{"line":11,"column":0},"end":{"line":11,"column":66}},"8":{"start":{"line":13,"column":0},"end":{"line":13,"column":24}}},"fnMap":{},"branchMap":{},"s":{"0":3,"1":3,"2":3,"3":3,"4":3,"5":3,"6":3,"7":3,"8":3},"f":{},"b":{},"_coverageSchema":"1a1c01bbd47fc00a2c39e90264f33305004495a9","hash":"2f236a6956d4e89fbdce0b5298a535cd892606be"}
,"D:\\FullStack\\e-commercebackend\\src\\routes\\productRoutes.js": {"path":"D:\\FullStack\\e-commercebackend\\src\\routes\\productRoutes.js","statementMap":{"0":{"start":{"line":1,"column":16},"end":{"line":1,"column":34}},"1":{"start":{"line":2,"column":15},"end":{"line":2,"column":31}},"2":{"start":{"line":3,"column":26},"end":{"line":3,"column":69}},"3":{"start":{"line":4,"column":24},"end":{"line":4,"column":63}},"4":{"start":{"line":5,"column":23},"end":{"line":5,"column":62}},"5":{"start":{"line":6,"column":51},"end":{"line":6,"column":92}},"6":{"start":{"line":9,"column":0},"end":{"line":9,"column":50}},"7":{"start":{"line":10,"column":0},"end":{"line":10,"column":53}},"8":{"start":{"line":13,"column":0},"end":{"line":13,"column":109}},"9":{"start":{"line":14,"column":0},"end":{"line":14,"column":117}},"10":{"start":{"line":15,"column":0},"end":{"line":15,"column":97}},"11":{"start":{"line":17,"column":0},"end":{"line":17,"column":24}}},"fnMap":{},"branchMap":{},"s":{"0":3,"1":3,"2":3,"3":3,"4":3,"5":3,"6":3,"7":3,"8":3,"9":3,"10":3,"11":3},"f":{},"b":{},"_coverageSchema":"1a1c01bbd47fc00a2c39e90264f33305004495a9","hash":"8400516934ae94443f60cdd29fec35355df4bccd"}
,"D:\\FullStack\\e-commercebackend\\src\\validators\\orderValidator.js": {"path":"D:\\FullStack\\e-commercebackend\\src\\validators\\orderValidator.js","statementMap":{"0":{"start":{"line":1,"column":35},"end":{"line":1,"column":63}},"1":{"start":{"line":4,"column":22},"end":{"line":20,"column":1}},"2":{"start":{"line":13,"column":23},"end":{"line":13,"column":44}},"3":{"start":{"line":14,"column":8},"end":{"line":17,"column":9}},"4":{"start":{"line":16,"column":12},"end":{"line":16,"column":68}},"5":{"start":{"line":18,"column":8},"end":{"line":18,"column":15}},"6":{"start":{"line":22,"column":0},"end":{"line":24,"column":2}}},"fnMap":{"0":{"name":"(anonymous_0)","decl":{"start":{"line":12,"column":4},"end":{"line":12,"column":5}},"loc":{"start":{"line":12,"column":24},"end":{"line":19,"column":5}},"line":12}},"branchMap":{"0":{"loc":{"start":{"line":14,"column":8},"end":{"line":17,"column":9}},"type":"if","locations":[{"start":{"line":14,"column":8},"end":{"line":17,"column":9}},{"start":{},"end":{}}],"line":14}},"s":{"0":3,"1":3,"2":0,"3":0,"4":0,"5":0,"6":3},"f":{"0":0},"b":{"0":[0,0]},"_coverageSchema":"1a1c01bbd47fc00a2c39e90264f33305004495a9","hash":"accf760d9b6146d8c6e1062faca757543ffc4fd3"}
,"D:\\FullStack\\e-commercebackend\\src\\validators\\productValidator.js": {"path":"D:\\FullStack\\e-commercebackend\\src\\validators\\productValidator.js","statementMap":{"0":{"start":{"line":1,"column":35},"end":{"line":1,"column":63}},"1":{"start":{"line":4,"column":24},"end":{"line":29,"column":1}},"2":{"start":{"line":22,"column":23},"end":{"line":22,"column":44}},"3":{"start":{"line":23,"column":8},"end":{"line":26,"column":9}},"4":{"start":{"line":25,"column":12},"end":{"line":25,"column":68}},"5":{"start":{"line":27,"column":8},"end":{"line":27,"column":15}},"6":{"start":{"line":32,"column":30},"end":{"line":57,"column":1}},"7":{"start":{"line":50,"column":23},"end":{"line":50,"column":44}},"8":{"start":{"line":51,"column":8},"end":{"line":54,"column":9}},"9":{"start":{"line":53,"column":12},"end":{"line":53,"column":68}},"10":{"start":{"line":55,"column":8},"end":{"line":55,"column":15}},"11":{"start":{"line":59,"column":0},"end":{"line":62,"column":2}}},"fnMap":{"0":{"name":"(anonymous_0)","decl":{"start":{"line":21,"column":4},"end":{"line":21,"column":5}},"loc":{"start":{"line":21,"column":24},"end":{"line":28,"column":5}},"line":21},"1":{"name":"(anonymous_1)","decl":{"start":{"line":49,"column":4},"end":{"line":49,"column":5}},"loc":{"start":{"line":49,"column":24},"end":{"line":56,"column":5}},"line":49}},"branchMap":{"0":{"loc":{"start":{"line":23,"column":8},"end":{"line":26,"column":9}},"type":"if","locations":[{"start":{"line":23,"column":8},"end":{"line":26,"column":9}},{"start":{},"end":{}}],"line":23},"1":{"loc":{"start":{"line":51,"column":8},"end":{"line":54,"column":9}},"type":"if","locations":[{"start":{"line":51,"column":8},"end":{"line":54,"column":9}},{"start":{},"end":{}}],"line":51}},"s":{"0":3,"1":3,"2":0,"3":0,"4":0,"5":0,"6":3,"7":0,"8":0,"9":0,"10":0,"11":3},"f":{"0":0,"1":0},"b":{"0":[0,0],"1":[0,0]},"_coverageSchema":"1a1c01bbd47fc00a2c39e90264f33305004495a9","hash":"f8742c9b8b84b5168fb4dc8610d7ecdbc6839c5c"}
}
